  Animacja.cpp
C:\Users\kaka2\620f43ff-gr43-repo\Projekt\Asteroidy\Asteroidy\Animacja.cpp(10,31): warning C4244: "argument": konwersja z "int" do "float", możliwa utrata danych
C:\Users\kaka2\620f43ff-gr43-repo\Projekt\Asteroidy\Asteroidy\Animacja.cpp(10,24): warning C4244: "argument": konwersja z "int" do "float", możliwa utrata danych
C:\Users\kaka2\620f43ff-gr43-repo\Projekt\Asteroidy\Asteroidy\Animacja.cpp(17,26): warning C4267: "inicjowanie": konwersja z "size_t" do "int", możliwa utrata danych
  Asteroidy.cpp
  Gra.cpp
C:\Users\kaka2\620f43ff-gr43-repo\Projekt\Asteroidy\Asteroidy\Gra.cpp(31,51): warning C4305: "argument": obcięcie z "double" do "float"
C:\Users\kaka2\620f43ff-gr43-repo\Projekt\Asteroidy\Asteroidy\Gra.cpp(32,56): warning C4305: "argument": obcięcie z "double" do "float"
C:\Users\kaka2\620f43ff-gr43-repo\Projekt\Asteroidy\Asteroidy\Gra.cpp(34,47): warning C4305: "argument": obcięcie z "double" do "float"
C:\Users\kaka2\620f43ff-gr43-repo\Projekt\Asteroidy\Asteroidy\Gra.cpp(35,50): warning C4305: "argument": obcięcie z "double" do "float"
C:\Users\kaka2\620f43ff-gr43-repo\Projekt\Asteroidy\Asteroidy\Gra.cpp(37,47): warning C4305: "argument": obcięcie z "double" do "float"
C:\Users\kaka2\620f43ff-gr43-repo\Projekt\Asteroidy\Asteroidy\Gra.cpp(44,74): warning C4244: "argument": konwersja z "int" do "float", możliwa utrata danych
C:\Users\kaka2\620f43ff-gr43-repo\Projekt\Asteroidy\Asteroidy\Gra.cpp(64,49): warning C4244: "argument": konwersja z "float" do "int", możliwa utrata danych
C:\Users\kaka2\620f43ff-gr43-repo\Projekt\Asteroidy\Asteroidy\Gra.cpp(64,43): warning C4244: "argument": konwersja z "float" do "int", możliwa utrata danych
C:\Users\kaka2\620f43ff-gr43-repo\Projekt\Asteroidy\Asteroidy\Gra.cpp(96,56): warning C4244: "argument": konwersja z "float" do "int", możliwa utrata danych
C:\Users\kaka2\620f43ff-gr43-repo\Projekt\Asteroidy\Asteroidy\Gra.cpp(96,50): warning C4244: "argument": konwersja z "float" do "int", możliwa utrata danych
C:\Users\kaka2\620f43ff-gr43-repo\Projekt\Asteroidy\Asteroidy\Gra.cpp(103,72): warning C4244: "argument": konwersja z "int" do "float", możliwa utrata danych
C:\Users\kaka2\620f43ff-gr43-repo\Projekt\Asteroidy\Asteroidy\Gra.cpp(103,60): warning C4244: "argument": konwersja z "float" do "int", możliwa utrata danych
C:\Users\kaka2\620f43ff-gr43-repo\Projekt\Asteroidy\Asteroidy\Gra.cpp(103,54): warning C4244: "argument": konwersja z "float" do "int", możliwa utrata danych
C:\Users\kaka2\620f43ff-gr43-repo\Projekt\Asteroidy\Asteroidy\Gra.cpp(111,61): warning C4244: "argument": konwersja z "float" do "int", możliwa utrata danych
C:\Users\kaka2\620f43ff-gr43-repo\Projekt\Asteroidy\Asteroidy\Gra.cpp(111,55): warning C4244: "argument": konwersja z "float" do "int", możliwa utrata danych
C:\Users\kaka2\620f43ff-gr43-repo\Projekt\Asteroidy\Asteroidy\Gra.cpp(137,61): warning C4244: "argument": konwersja z "int" do "float", możliwa utrata danych
  Menu.cpp
  Obiekty.cpp
C:\Users\kaka2\620f43ff-gr43-repo\Projekt\Asteroidy\Asteroidy\Obiekty.cpp(6,9): warning C4244: "=": konwersja z "int" do "float", możliwa utrata danych
C:\Users\kaka2\620f43ff-gr43-repo\Projekt\Asteroidy\Asteroidy\Obiekty.cpp(7,9): warning C4244: "=": konwersja z "int" do "float", możliwa utrata danych
C:\Users\kaka2\620f43ff-gr43-repo\Projekt\Asteroidy\Asteroidy\Obiekty.cpp(10,9): warning C4244: "=": konwersja z "int" do "float", możliwa utrata danych
C:\Users\kaka2\620f43ff-gr43-repo\Projekt\Asteroidy\Asteroidy\Obiekty.cpp(24,21): warning C4244: "=": konwersja z "int" do "float", możliwa utrata danych
C:\Users\kaka2\620f43ff-gr43-repo\Projekt\Asteroidy\Asteroidy\Obiekty.cpp(25,21): warning C4244: "=": konwersja z "int" do "float", możliwa utrata danych
C:\Users\kaka2\620f43ff-gr43-repo\Projekt\Asteroidy\Asteroidy\Obiekty.cpp(57,37): warning C4244: "+=": konwersja z "double" do "float", możliwa utrata danych
C:\Users\kaka2\620f43ff-gr43-repo\Projekt\Asteroidy\Asteroidy\Obiekty.cpp(58,37): warning C4244: "+=": konwersja z "double" do "float", możliwa utrata danych
C:\Users\kaka2\620f43ff-gr43-repo\Projekt\Asteroidy\Asteroidy\Obiekty.cpp(61,20): warning C4305: "*=": obcięcie z "double" do "float"
C:\Users\kaka2\620f43ff-gr43-repo\Projekt\Asteroidy\Asteroidy\Obiekty.cpp(62,20): warning C4305: "*=": obcięcie z "double" do "float"
C:\Users\kaka2\620f43ff-gr43-repo\Projekt\Asteroidy\Asteroidy\Obiekty.cpp(65,20): warning C4305: "*=": obcięcie z "double" do "float"
C:\Users\kaka2\620f43ff-gr43-repo\Projekt\Asteroidy\Asteroidy\Obiekty.cpp(66,20): warning C4305: "*=": obcięcie z "double" do "float"
  Trwa generowanie kodu
  Previous IPDB not found, fall back to full compilation.
  All 1613 functions were compiled because no usable IPDB/IOBJ from previous compilation was found.
  Zakończono generowanie kodu
  Asteroidy.vcxproj -> C:\Users\kaka2\620f43ff-gr43-repo\Projekt\Asteroidy\x64\Release\Asteroidy.exe
